\BOOKMARK [1][-]{section.1}{目的}{}% 1
\BOOKMARK [1][-]{section.2}{理論説明}{}% 2
\BOOKMARK [2][-]{subsection.2.1}{バスケット分析}{section.2}% 3
\BOOKMARK [2][-]{subsection.2.2}{頻出パターン・相関ルール分析の概要}{section.2}% 4
\BOOKMARK [2][-]{subsection.2.3}{頻出パターンの計算法}{section.2}% 5
\BOOKMARK [2][-]{subsection.2.4}{支持度}{section.2}% 6
\BOOKMARK [2][-]{subsection.2.5}{確信度}{section.2}% 7
\BOOKMARK [2][-]{subsection.2.6}{パターン空間について}{section.2}% 8
\BOOKMARK [2][-]{subsection.2.7}{（補足）深さ優先探索・幅優先探索}{section.2}% 9
\BOOKMARK [2][-]{subsection.2.8}{バックトラック法}{section.2}% 10
\BOOKMARK [2][-]{subsection.2.9}{アプリオリアルゴリズム}{section.2}% 11
\BOOKMARK [2][-]{subsection.2.10}{相関ルール抽出の計算法}{section.2}% 12
\BOOKMARK [2][-]{subsection.2.11}{頻出パターン抽出の問題点}{section.2}% 13
\BOOKMARK [2][-]{subsection.2.12}{相関ルール分析の評価基準}{section.2}% 14
\BOOKMARK [1][-]{section.3}{計算機実験}{}% 15
\BOOKMARK [2][-]{subsection.3.1}{実験準備}{section.3}% 16
\BOOKMARK [2][-]{subsection.3.2}{実験結果}{section.3}% 17
\BOOKMARK [2][-]{subsection.3.3}{結果の説明}{section.3}% 18
\BOOKMARK [1][-]{section.4}{考察}{}% 19
\BOOKMARK [1][-]{section.5}{まとめ}{}% 20
